<?xml version="1.0" encoding="UTF-8"?>
<testng-results skipped="0" failed="0" ignored="0" total="7" passed="7">
  <reporter-output>
  </reporter-output>
  <suite name="Default suite" duration-ms="1670" started-at="2022-06-13T15:12:33 IST" finished-at="2022-06-13T15:12:35 IST">
    <groups>
      <group name="cucumber">
        <method signature="AbstractTestNGCucumberTests.runScenario(io.cucumber.testng.PickleWrapper,io.cucumber.testng.FeatureWrapper)[pri:0, instance:cucumberOptions.TestNGTestRunner@66d1af89]" name="runScenario" class="io.cucumber.testng.AbstractTestNGCucumberTests"/>
      </group> <!-- cucumber -->
    </groups>
    <test name="Default test" duration-ms="1670" started-at="2022-06-13T15:12:33 IST" finished-at="2022-06-13T15:12:35 IST">
      <class name="cucumberOptions.TestNGTestRunner">
        <test-method status="PASS" signature="setUpClass(org.testng.ITestContext)[pri:0, instance:cucumberOptions.TestNGTestRunner@66d1af89]" name="setUpClass" is-config="true" duration-ms="985" started-at="2022-06-13T15:12:33 IST" finished-at="2022-06-13T15:12:34 IST">
          <params>
            <param index="0">
              <value>
                <![CDATA[org.testng.TestRunner@3da30852]]>
              </value>
            </param>
          </params>
          <reporter-output>
          </reporter-output>
        </test-method> <!-- setUpClass -->
        <test-method status="PASS" signature="runScenario(io.cucumber.testng.PickleWrapper,io.cucumber.testng.FeatureWrapper)[pri:0, instance:cucumberOptions.TestNGTestRunner@66d1af89]" name="runScenario" duration-ms="102" started-at="2022-06-13T15:12:34 IST" description="Runs Cucumber Scenarios" data-provider="scenarios" finished-at="2022-06-13T15:12:34 IST">
          <params>
            <param index="0">
              <value>
                <![CDATA["Home page default Login"]]>
              </value>
            </param>
            <param index="1">
              <value>
                <![CDATA["Application Login"]]>
              </value>
            </param>
          </params>
          <reporter-output>
          </reporter-output>
        </test-method> <!-- runScenario -->
        <test-method status="PASS" signature="runScenario(io.cucumber.testng.PickleWrapper,io.cucumber.testng.FeatureWrapper)[pri:0, instance:cucumberOptions.TestNGTestRunner@66d1af89]" name="runScenario" duration-ms="22" started-at="2022-06-13T15:12:34 IST" description="Runs Cucumber Scenarios" data-provider="scenarios" finished-at="2022-06-13T15:12:35 IST">
          <params>
            <param index="0">
              <value>
                <![CDATA["Home page default Login"]]>
              </value>
            </param>
            <param index="1">
              <value>
                <![CDATA["Application Login"]]>
              </value>
            </param>
          </params>
          <reporter-output>
          </reporter-output>
        </test-method> <!-- runScenario -->
        <test-method status="PASS" signature="runScenario(io.cucumber.testng.PickleWrapper,io.cucumber.testng.FeatureWrapper)[pri:0, instance:cucumberOptions.TestNGTestRunner@66d1af89]" name="runScenario" duration-ms="24" started-at="2022-06-13T15:12:35 IST" description="Runs Cucumber Scenarios" data-provider="scenarios" finished-at="2022-06-13T15:12:35 IST">
          <params>
            <param index="0">
              <value>
                <![CDATA["Home page default Login"]]>
              </value>
            </param>
            <param index="1">
              <value>
                <![CDATA["Application Login"]]>
              </value>
            </param>
          </params>
          <reporter-output>
          </reporter-output>
        </test-method> <!-- runScenario -->
        <test-method status="PASS" signature="runScenario(io.cucumber.testng.PickleWrapper,io.cucumber.testng.FeatureWrapper)[pri:0, instance:cucumberOptions.TestNGTestRunner@66d1af89]" name="runScenario" duration-ms="14" started-at="2022-06-13T15:12:35 IST" description="Runs Cucumber Scenarios" data-provider="scenarios" finished-at="2022-06-13T15:12:35 IST">
          <params>
            <param index="0">
              <value>
                <![CDATA["Home page default Login"]]>
              </value>
            </param>
            <param index="1">
              <value>
                <![CDATA["Application Login"]]>
              </value>
            </param>
          </params>
          <reporter-output>
          </reporter-output>
        </test-method> <!-- runScenario -->
        <test-method status="PASS" signature="runScenario(io.cucumber.testng.PickleWrapper,io.cucumber.testng.FeatureWrapper)[pri:0, instance:cucumberOptions.TestNGTestRunner@66d1af89]" name="runScenario" duration-ms="51" started-at="2022-06-13T15:12:35 IST" description="Runs Cucumber Scenarios" data-provider="scenarios" finished-at="2022-06-13T15:12:35 IST">
          <params>
            <param index="0">
              <value>
                <![CDATA["Home page default Login"]]>
              </value>
            </param>
            <param index="1">
              <value>
                <![CDATA["Application Login"]]>
              </value>
            </param>
          </params>
          <reporter-output>
          </reporter-output>
        </test-method> <!-- runScenario -->
        <test-method status="PASS" signature="runScenario(io.cucumber.testng.PickleWrapper,io.cucumber.testng.FeatureWrapper)[pri:0, instance:cucumberOptions.TestNGTestRunner@66d1af89]" name="runScenario" duration-ms="18" started-at="2022-06-13T15:12:35 IST" description="Runs Cucumber Scenarios" data-provider="scenarios" finished-at="2022-06-13T15:12:35 IST">
          <params>
            <param index="0">
              <value>
                <![CDATA["Home page default Login"]]>
              </value>
            </param>
            <param index="1">
              <value>
                <![CDATA["Application Login"]]>
              </value>
            </param>
          </params>
          <reporter-output>
          </reporter-output>
        </test-method> <!-- runScenario -->
        <test-method status="PASS" signature="runScenario(io.cucumber.testng.PickleWrapper,io.cucumber.testng.FeatureWrapper)[pri:0, instance:cucumberOptions.TestNGTestRunner@66d1af89]" name="runScenario" duration-ms="15" started-at="2022-06-13T15:12:35 IST" description="Runs Cucumber Scenarios" data-provider="scenarios" finished-at="2022-06-13T15:12:35 IST">
          <params>
            <param index="0">
              <value>
                <![CDATA["Home page default Login"]]>
              </value>
            </param>
            <param index="1">
              <value>
                <![CDATA["Application Login"]]>
              </value>
            </param>
          </params>
          <reporter-output>
          </reporter-output>
        </test-method> <!-- runScenario -->
        <test-method status="PASS" signature="tearDownClass()[pri:0, instance:cucumberOptions.TestNGTestRunner@66d1af89]" name="tearDownClass" is-config="true" duration-ms="365" started-at="2022-06-13T15:12:35 IST" finished-at="2022-06-13T15:12:35 IST">
          <reporter-output>
          </reporter-output>
        </test-method> <!-- tearDownClass -->
      </class> <!-- cucumberOptions.TestNGTestRunner -->
    </test> <!-- Default test -->
  </suite> <!-- Default suite -->
</testng-results>
